<?xml version="1.0" encoding="UTF-8"?>
<testng-results ignored="0" total="1" passed="1" failed="0" skipped="0">
  <reporter-output>
  </reporter-output>
  <suite started-at="2025-06-02T21:30:38 IST" name="Default suite" finished-at="2025-06-02T21:30:45 IST" duration-ms="6980">
    <groups>
    </groups>
    <test started-at="2025-06-02T21:30:38 IST" name="Default test" finished-at="2025-06-02T21:30:45 IST" duration-ms="6980">
      <class name="tutorialninja.register.TC_RF_004">
        <test-method signature="verifyRegistringWithoutFillFields()[pri:0, instance:tutorialninja.register.TC_RF_004@2a65fe7c]" started-at="2025-06-02T21:30:38 IST" name="verifyRegistringWithoutFillFields" finished-at="2025-06-02T21:30:45 IST" duration-ms="6898" status="PASS">
          <reporter-output>
          </reporter-output>
        </test-method> <!-- verifyRegistringWithoutFillFields -->
      </class> <!-- tutorialninja.register.TC_RF_004 -->
    </test> <!-- Default test -->
  </suite> <!-- Default suite -->
</testng-results>
